0 info it worked if it ends with ok
1 verbose cli [
1 verbose cli   '/web/.nvm/versions/node/v12.13.1/bin/node',
1 verbose cli   '/web/.nvm/versions/node/v12.13.1/bin/npm',
1 verbose cli   'stop'
1 verbose cli ]
2 info using npm@6.12.1
3 info using node@v12.13.1
4 verbose config Skipping project config: /web/.npmrc. (matches userconfig)
5 verbose run-script [ 'prestop', 'stop', 'poststop' ]
6 info lifecycle insplanet@0.0.0~prestop: insplanet@0.0.0
7 info lifecycle insplanet@0.0.0~stop: insplanet@0.0.0
8 verbose lifecycle insplanet@0.0.0~stop: unsafe-perm in lifecycle true
9 verbose lifecycle insplanet@0.0.0~stop: PATH: /web/.nvm/versions/node/v12.13.1/lib/node_modules/npm/node_modules/npm-lifecycle/node-gyp-bin:/web/node_modules/.bin:/web/.nvm/versions/node/v12.13.1/bin:/usr/local/bin:/usr/bin:/usr/local/sbin:/usr/sbin:/web/.local/bin:/web/bin
10 verbose lifecycle insplanet@0.0.0~stop: CWD: /web
11 silly lifecycle insplanet@0.0.0~stop: Args: [ '-c', 'pm2 stop ./bin/www' ]
12 silly lifecycle insplanet@0.0.0~stop: Returned: code: 1  signal: null
13 info lifecycle insplanet@0.0.0~stop: Failed to exec stop script
14 verbose stack Error: insplanet@0.0.0 stop: `pm2 stop ./bin/www`
14 verbose stack Exit status 1
14 verbose stack     at EventEmitter.<anonymous> (/web/.nvm/versions/node/v12.13.1/lib/node_modules/npm/node_modules/npm-lifecycle/index.js:332:16)
14 verbose stack     at EventEmitter.emit (events.js:210:5)
14 verbose stack     at ChildProcess.<anonymous> (/web/.nvm/versions/node/v12.13.1/lib/node_modules/npm/node_modules/npm-lifecycle/lib/spawn.js:55:14)
14 verbose stack     at ChildProcess.emit (events.js:210:5)
14 verbose stack     at maybeClose (internal/child_process.js:1021:16)
14 verbose stack     at Process.ChildProcess._handle.onexit (internal/child_process.js:283:5)
15 verbose pkgid insplanet@0.0.0
16 verbose cwd /web
17 verbose Linux 3.10.0-957.12.2.el7.x86_64
18 verbose argv "/web/.nvm/versions/node/v12.13.1/bin/node" "/web/.nvm/versions/node/v12.13.1/bin/npm" "stop"
19 verbose node v12.13.1
20 verbose npm  v6.12.1
21 error code ELIFECYCLE
22 error errno 1
23 error insplanet@0.0.0 stop: `pm2 stop ./bin/www`
23 error Exit status 1
24 error Failed at the insplanet@0.0.0 stop script.
24 error This is probably not a problem with npm. There is likely additional logging output above.
25 verbose exit [ 1, true ]
